<?xml version="1.0" encoding="UTF-8"?>
<!-- Generated by org.testng.reporters.JUnitReportReporter -->
<testsuite skipped="0" hostname="DESKTOP-BHRQ26S" name="Test1" tests="1" failures="0" timestamp="2022-04-21T12:57:17 IST" time="0.000" errors="0">
  <testcase name="method" time="0.000" classname="Test1"/>
  <system-out/>
</testsuite> <!-- Test1 -->
